cl : command line warning D9025: overriding '/sdl' with '/GS-'
  reflective_loader.c
C:\Users\chenl\Desktop\hacking\courses\maldev\creations\someredthings-main\reflective_injection\reflective_loader\reflective_loader.c(56,32): warning C4047: '=': 'HMODULE' differs in levels of indirection from 'UINT64'
C:\Users\chenl\Desktop\hacking\courses\maldev\creations\someredthings-main\reflective_injection\reflective_loader\reflective_loader.c(58,45): warning C4047: 'function': 'ULONG_PTR' differs in levels of indirection from 'HMODULE'
C:\Users\chenl\Desktop\hacking\courses\maldev\creations\someredthings-main\reflective_injection\reflective_loader\reflective_loader.c(58,39): warning C4024: '_GetProcAddress': different types for formal and actual parameter 1
C:\Users\chenl\Desktop\hacking\courses\maldev\creations\someredthings-main\reflective_injection\reflective_loader\reflective_loader.c(58,63): warning C4047: '=': 'LLD' differs in levels of indirection from 'UINT64'
C:\Users\chenl\Desktop\hacking\courses\maldev\creations\someredthings-main\reflective_injection\reflective_loader\reflective_loader.c(59,58): warning C4047: 'function': 'ULONG_PTR' differs in levels of indirection from 'HMODULE'
C:\Users\chenl\Desktop\hacking\courses\maldev\creations\someredthings-main\reflective_injection\reflective_loader\reflective_loader.c(59,52): warning C4024: '_GetProcAddress': different types for formal and actual parameter 1
C:\Users\chenl\Desktop\hacking\courses\maldev\creations\someredthings-main\reflective_injection\reflective_loader\reflective_loader.c(59,89): warning C4047: '=': 'NAVM' differs in levels of indirection from 'UINT64'
C:\Users\chenl\Desktop\hacking\courses\maldev\creations\someredthings-main\reflective_injection\reflective_loader\reflective_loader.c(60,57): warning C4047: 'function': 'ULONG_PTR' differs in levels of indirection from 'HMODULE'
C:\Users\chenl\Desktop\hacking\courses\maldev\creations\someredthings-main\reflective_injection\reflective_loader\reflective_loader.c(60,51): warning C4024: '_GetProcAddress': different types for formal and actual parameter 1
C:\Users\chenl\Desktop\hacking\courses\maldev\creations\someredthings-main\reflective_injection\reflective_loader\reflective_loader.c(60,87): warning C4047: '=': 'NPVM' differs in levels of indirection from 'UINT64'
C:\Users\chenl\Desktop\hacking\courses\maldev\creations\someredthings-main\reflective_injection\reflective_loader\reflective_loader.c(61,56): warning C4047: 'function': 'ULONG_PTR' differs in levels of indirection from 'HMODULE'
C:\Users\chenl\Desktop\hacking\courses\maldev\creations\someredthings-main\reflective_injection\reflective_loader\reflective_loader.c(61,50): warning C4024: '_GetProcAddress': different types for formal and actual parameter 1
C:\Users\chenl\Desktop\hacking\courses\maldev\creations\someredthings-main\reflective_injection\reflective_loader\reflective_loader.c(61,83): warning C4047: '=': 'NFVM' differs in levels of indirection from 'UINT64'
C:\Users\chenl\Desktop\hacking\courses\maldev\creations\someredthings-main\reflective_injection\reflective_loader\reflective_loader.c(70,68): warning C4047: 'function': 'ULONG_PTR' differs in levels of indirection from 'void *'
C:\Users\chenl\Desktop\hacking\courses\maldev\creations\someredthings-main\reflective_injection\reflective_loader\reflective_loader.c(70,64): warning C4024: 'NtFuncs': different types for formal and actual parameter 3
C:\Users\chenl\Desktop\hacking\courses\maldev\creations\someredthings-main\reflective_injection\reflective_loader\reflective_loader.c(75,20): warning C4022: '_memcpy': pointer mismatch for actual parameter 1
C:\Users\chenl\Desktop\hacking\courses\maldev\creations\someredthings-main\reflective_injection\reflective_loader\reflective_loader.c(76,19): warning C4022: '_memcpy': pointer mismatch for actual parameter 2
C:\Users\chenl\Desktop\hacking\courses\maldev\creations\someredthings-main\reflective_injection\reflective_loader\reflective_loader.c(89,72): warning C4047: 'function': 'PCHAR' differs in levels of indirection from 'UINT64'
C:\Users\chenl\Desktop\hacking\courses\maldev\creations\someredthings-main\reflective_injection\reflective_loader\reflective_loader.c(89,55): warning C4024: 'CharStringToWCharString': different types for formal and actual parameter 2
C:\Users\chenl\Desktop\hacking\courses\maldev\creations\someredthings-main\reflective_injection\reflective_loader\reflective_loader.c(91,48): warning C4244: '=': conversion from 'SIZE_T' to 'USHORT', possible loss of data
C:\Users\chenl\Desktop\hacking\courses\maldev\creations\someredthings-main\reflective_injection\reflective_loader\reflective_loader.c(116,49): warning C4047: 'function': 'ULONG_PTR' differs in levels of indirection from 'HMODULE'
C:\Users\chenl\Desktop\hacking\courses\maldev\creations\someredthings-main\reflective_injection\reflective_loader\reflective_loader.c(116,39): warning C4024: '_GetProcAddress': different types for formal and actual parameter 1
C:\Users\chenl\Desktop\hacking\courses\maldev\creations\someredthings-main\reflective_injection\reflective_loader\reflective_loader.c(128,58): warning C4047: '=': 'PIMAGE_BASE_RELOCATION' differs in levels of indirection from 'UINT64'
C:\Users\chenl\Desktop\hacking\courses\maldev\creations\someredthings-main\reflective_injection\reflective_loader\reflective_loader.c(179,63): warning C4047: 'function': 'PVOID *' differs in levels of indirection from 'ULONG_PTR *'
C:\Users\chenl\Desktop\hacking\courses\maldev\creations\someredthings-main\reflective_injection\reflective_loader\reflective_loader.c(179,54): warning C4022: 'NtFuncs': pointer mismatch for actual parameter 2
C:\Users\chenl\Desktop\hacking\courses\maldev\creations\someredthings-main\reflective_injection\reflective_loader\reflective_loader.c(190,1): warning C4047: 'initializing': 'BOOL (__cdecl *)(PVOID,DWORD,PVOID)' differs in levels of indirection from 'UINT64'
     Creating library C:\Users\chenl\Desktop\hacking\courses\maldev\creations\someredthings-main\reflective_injection\x64\Release\reflective_loader.lib and object C:\Users\chenl\Desktop\hacking\courses\maldev\creations\someredthings-main\reflective_injection\x64\Release\reflective_loader.exp
  Generating code
  1 of 6 functions (16.7%) were compiled, the rest were copied from previous compilation.
    0 functions were new in current compilation
    0 functions had inline decision re-evaluated but remain unchanged
  Finished generating code
  reflective_loader.vcxproj -> C:\Users\chenl\Desktop\hacking\courses\maldev\creations\someredthings-main\reflective_injection\x64\Release\reflective_loader.dll
